----------------------------------------------------------------
Thu Nov 21 21:12:46 CST 2019:
Booting Derby version The Apache Software Foundation - Apache Derby - 10.14.2.0 - (1828579): instance a816c00e-016e-8e17-f8df-000005897700 
on database directory D:\FileManagerServer\derby_DB\derby_flie with class loader sun.misc.Launcher$AppClassLoader@18b4aac2 
Loaded from file:/D:/maven/maven-repository/org/apache/derby/derby/10.14.2.0/derby-10.14.2.0.jar
java.vendor=Oracle Corporation
java.runtime.version=1.8.0_162-b12
user.dir=D:\FileManagerServer
os.name=Windows 10
os.arch=amd64
os.version=10.0
derby.system.home=null
Database Class Loader started - derby.database.classpath=''
----------------------------------------------------------------
Thu Nov 21 21:13:38 CST 2019:
Booting Derby version The Apache Software Foundation - Apache Derby - 10.14.2.0 - (1828579): instance 6839c016-016e-8e17-f8df-000005897700 
on database directory memory:D:\FileManagerServer\testdb with class loader sun.misc.Launcher$AppClassLoader@18b4aac2 
Loaded from file:/D:/maven/maven-repository/org/apache/derby/derby/10.14.2.0/derby-10.14.2.0.jar
java.vendor=Oracle Corporation
java.runtime.version=1.8.0_162-b12
user.dir=D:\FileManagerServer
os.name=Windows 10
os.arch=amd64
os.version=10.0
derby.system.home=null
Database Class Loader started - derby.database.classpath=''
